diesmortis b79abab8-ac1d-334e-8b8b-2de9b0c227b4 5
skowron2137 c8502931-ca54-4a26-bd7b-74eb968c6c56 0
Wrongcosine3024 89024ebe-e43f-368a-b2c9-fca6af3f1f60 17
Robste 8378886f-8383-3993-ace6-4065e7680fb8 6
DrRoswell 97177628-af28-3afe-816c-bea614f9970d 0
farklad 11c8beec-e1e8-3306-9af8-3006074c5e31 11
Paryk100 5612ec8c-d0e3-3e5c-8cd0-8ca44d06d7ff 2
Bochen 2fa07d69-a717-3ace-b5f8-18849847bce6 0
SMKW_ b21659f4-3373-3e69-b683-acdfeaed9552 10
Itz_Wilczeq 7b7b25d5-adce-3c97-977d-984cc3c16683 0
BioCos142 49a60eeb-5a07-35d2-af67-b1097bd01fc7 0
RS7_na_odcinie 3c506138-0f57-39b9-8d55-55a5228f80e2 0
Qwerty216 06a9a8b5-8edc-3b80-8e86-0da9f456c3f3 6
Fenekq2137 ce305aa0-eec0-314b-94a9-ed20631a4b82 0
fyrnys 701b7379-2bc5-3796-a844-48eb89dcf390 2
Cliprax 25648074-d8ef-309f-8a8c-dfc3856ee5ec 1
MrFreeze 24364b27-52d7-33a1-a821-7130221e6e27 0
Klaudiusz323 8d1c0b01-0820-3502-bd81-2db057678d3a 0
kasprzyk_11 32ccc31d-60be-3b50-a0d1-e38c44cb1b24 0
VidmoXeno 344138d5-b5b0-3ff3-b5f0-465512b0dfc9 0
Aseprit 5da78917-fa4f-346b-b447-4a193b9da6ee 14
Shino_2115 a6752ba2-86ae-39d3-a29c-948d44742335 40
xxlisiastyxx cdb64ae0-edb7-3cb0-ba4f-eb6ccd1e5e33 0
